<?xml version="1.0" encoding="UTF-8"?>
<testsuite name="org.zerock.mreview.repository.ReviewRepositoryTests" tests="1" skipped="0" failures="0" errors="0" timestamp="2022-07-18T13:36:26" hostname="LAPTOP-4T1Q86TL" time="0.759">
  <properties/>
  <testcase name="insertMovieReviews()" classname="org.zerock.mreview.repository.ReviewRepositoryTests" time="0.759"/>
  <system-out><![CDATA[22:36:22.256 [Test worker] DEBUG org.springframework.test.context.BootstrapUtils - Instantiating CacheAwareContextLoaderDelegate from class [org.springframework.test.context.cache.DefaultCacheAwareContextLoaderDelegate]
22:36:22.272 [Test worker] DEBUG org.springframework.test.context.BootstrapUtils - Instantiating BootstrapContext using constructor [public org.springframework.test.context.support.DefaultBootstrapContext(java.lang.Class,org.springframework.test.context.CacheAwareContextLoaderDelegate)]
22:36:22.303 [Test worker] DEBUG org.springframework.test.context.BootstrapUtils - Instantiating TestContextBootstrapper for test class [org.zerock.mreview.repository.ReviewRepositoryTests] from class [org.springframework.boot.test.context.SpringBootTestContextBootstrapper]
22:36:22.319 [Test worker] INFO org.springframework.boot.test.context.SpringBootTestContextBootstrapper - Neither @ContextConfiguration nor @ContextHierarchy found for test class [org.zerock.mreview.repository.ReviewRepositoryTests], using SpringBootContextLoader
22:36:22.319 [Test worker] DEBUG org.springframework.test.context.support.AbstractContextLoader - Did not detect default resource location for test class [org.zerock.mreview.repository.ReviewRepositoryTests]: class path resource [org/zerock/mreview/repository/ReviewRepositoryTests-context.xml] does not exist
22:36:22.319 [Test worker] DEBUG org.springframework.test.context.support.AbstractContextLoader - Did not detect default resource location for test class [org.zerock.mreview.repository.ReviewRepositoryTests]: class path resource [org/zerock/mreview/repository/ReviewRepositoryTestsContext.groovy] does not exist
22:36:22.319 [Test worker] INFO org.springframework.test.context.support.AbstractContextLoader - Could not detect default resource locations for test class [org.zerock.mreview.repository.ReviewRepositoryTests]: no resource found for suffixes {-context.xml, Context.groovy}.
22:36:22.319 [Test worker] INFO org.springframework.test.context.support.AnnotationConfigContextLoaderUtils - Could not detect default configuration classes for test class [org.zerock.mreview.repository.ReviewRepositoryTests]: ReviewRepositoryTests does not declare any static, non-private, non-final, nested classes annotated with @Configuration.
22:36:22.351 [Test worker] DEBUG org.springframework.test.context.support.ActiveProfilesUtils - Could not find an 'annotation declaring class' for annotation type [org.springframework.test.context.ActiveProfiles] and class [org.zerock.mreview.repository.ReviewRepositoryTests]
22:36:22.414 [Test worker] DEBUG org.springframework.context.annotation.ClassPathScanningCandidateComponentProvider - Identified candidate component class: file [C:\spring_workspace\mreview\build\classes\java\main\org\zerock\mreview\MreviewApplication.class]
22:36:22.430 [Test worker] INFO org.springframework.boot.test.context.SpringBootTestContextBootstrapper - Found @SpringBootConfiguration org.zerock.mreview.MreviewApplication for test class org.zerock.mreview.repository.ReviewRepositoryTests
22:36:22.515 [Test worker] DEBUG org.springframework.boot.test.context.SpringBootTestContextBootstrapper - @TestExecutionListeners is not present for class [org.zerock.mreview.repository.ReviewRepositoryTests]: using defaults.
22:36:22.515 [Test worker] INFO org.springframework.boot.test.context.SpringBootTestContextBootstrapper - Loaded default TestExecutionListener class names from location [META-INF/spring.factories]: [org.springframework.boot.test.autoconfigure.restdocs.RestDocsTestExecutionListener, org.springframework.boot.test.autoconfigure.web.client.MockRestServiceServerResetTestExecutionListener, org.springframework.boot.test.autoconfigure.web.servlet.MockMvcPrintOnlyOnFailureTestExecutionListener, org.springframework.boot.test.autoconfigure.web.servlet.WebDriverTestExecutionListener, org.springframework.boot.test.autoconfigure.webservices.client.MockWebServiceServerTestExecutionListener, org.springframework.boot.test.mock.mockito.MockitoTestExecutionListener, org.springframework.boot.test.mock.mockito.ResetMocksTestExecutionListener, org.springframework.test.context.web.ServletTestExecutionListener, org.springframework.test.context.support.DirtiesContextBeforeModesTestExecutionListener, org.springframework.test.context.event.ApplicationEventsTestExecutionListener, org.springframework.test.context.support.DependencyInjectionTestExecutionListener, org.springframework.test.context.support.DirtiesContextTestExecutionListener, org.springframework.test.context.transaction.TransactionalTestExecutionListener, org.springframework.test.context.jdbc.SqlScriptsTestExecutionListener, org.springframework.test.context.event.EventPublishingTestExecutionListener]
22:36:22.530 [Test worker] INFO org.springframework.boot.test.context.SpringBootTestContextBootstrapper - Using TestExecutionListeners: [org.springframework.test.context.web.ServletTestExecutionListener@61a5b4ae, org.springframework.test.context.support.DirtiesContextBeforeModesTestExecutionListener@3a71c100, org.springframework.test.context.event.ApplicationEventsTestExecutionListener@5b69fd74, org.springframework.boot.test.mock.mockito.MockitoTestExecutionListener@f325091, org.springframework.boot.test.autoconfigure.SpringBootDependencyInjectionTestExecutionListener@437e951d, org.springframework.test.context.support.DirtiesContextTestExecutionListener@77b325b3, org.springframework.test.context.transaction.TransactionalTestExecutionListener@63a5e46c, org.springframework.test.context.jdbc.SqlScriptsTestExecutionListener@7e8e8651, org.springframework.test.context.event.EventPublishingTestExecutionListener@49ef32e0, org.springframework.boot.test.autoconfigure.restdocs.RestDocsTestExecutionListener@271f18d3, org.springframework.boot.test.autoconfigure.web.client.MockRestServiceServerResetTestExecutionListener@6bd51ed8, org.springframework.boot.test.autoconfigure.web.servlet.MockMvcPrintOnlyOnFailureTestExecutionListener@61e3a1fd, org.springframework.boot.test.autoconfigure.web.servlet.WebDriverTestExecutionListener@51abf713, org.springframework.boot.test.autoconfigure.webservices.client.MockWebServiceServerTestExecutionListener@eadb475, org.springframework.boot.test.mock.mockito.ResetMocksTestExecutionListener@4d4d48a6]
22:36:22.530 [Test worker] DEBUG org.springframework.test.context.support.AbstractDirtiesContextTestExecutionListener - Before test class: context [DefaultTestContext@214894fc testClass = ReviewRepositoryTests, testInstance = [null], testMethod = [null], testException = [null], mergedContextConfiguration = [WebMergedContextConfiguration@10567255 testClass = ReviewRepositoryTests, locations = '{}', classes = '{class org.zerock.mreview.MreviewApplication}', contextInitializerClasses = '[]', activeProfiles = '{}', propertySourceLocations = '{}', propertySourceProperties = '{org.springframework.boot.test.context.SpringBootTestContextBootstrapper=true}', contextCustomizers = set[org.springframework.boot.test.autoconfigure.actuate.metrics.MetricsExportContextCustomizerFactory$DisableMetricExportContextCustomizer@dcfda20, org.springframework.boot.test.autoconfigure.properties.PropertyMappingContextCustomizer@0, org.springframework.boot.test.autoconfigure.web.servlet.WebDriverContextCustomizerFactory$Customizer@3dddefd8, org.springframework.boot.test.context.filter.ExcludeFilterContextCustomizer@5316e95f, org.springframework.boot.test.json.DuplicateJsonObjectContextCustomizerFactory$DuplicateJsonObjectContextCustomizer@13c3c1e1, org.springframework.boot.test.mock.mockito.MockitoContextCustomizer@0, org.springframework.boot.test.web.client.TestRestTemplateContextCustomizer@5827af16, org.springframework.boot.test.context.SpringBootTestArgs@1, org.springframework.boot.test.context.SpringBootTestWebEnvironment@2f666ebb], resourceBasePath = 'src/main/webapp', contextLoader = 'org.springframework.boot.test.context.SpringBootContextLoader', parent = [null]], attributes = map['org.springframework.test.context.web.ServletTestExecutionListener.activateListener' -> true]], class annotated with @DirtiesContext [false] with mode [null].

  .   ____          _            __ _ _
 /\\ / ___'_ __ _ _(_)_ __  __ _ \ \ \ \
( ( )\___ | '_ | '_| | '_ \/ _` | \ \ \ \
 \\/  ___)| |_)| | | | | || (_| |  ) ) ) )
  '  |____| .__|_| |_|_| |_\__, | / / / /
 =========|_|==============|___/=/_/_/_/
 :: Spring Boot ::                (v2.7.0)

2022-07-18 22:36:22.789  INFO 7164 --- [    Test worker] o.z.m.repository.ReviewRepositoryTests   : Starting ReviewRepositoryTests using Java 11.0.15.1 on LAPTOP-4T1Q86TL with PID 7164 (started by ehdtn in C:\spring_workspace\mreview)
2022-07-18 22:36:22.790  INFO 7164 --- [    Test worker] o.z.m.repository.ReviewRepositoryTests   : No active profile set, falling back to 1 default profile: "default"
2022-07-18 22:36:23.463  INFO 7164 --- [    Test worker] .s.d.r.c.RepositoryConfigurationDelegate : Bootstrapping Spring Data JPA repositories in DEFAULT mode.
2022-07-18 22:36:23.527  INFO 7164 --- [    Test worker] .s.d.r.c.RepositoryConfigurationDelegate : Finished Spring Data repository scanning in 59 ms. Found 4 JPA repository interfaces.
2022-07-18 22:36:24.062  INFO 7164 --- [    Test worker] o.hibernate.jpa.internal.util.LogHelper  : HHH000204: Processing PersistenceUnitInfo [name: default]
2022-07-18 22:36:24.109  INFO 7164 --- [    Test worker] org.hibernate.Version                    : HHH000412: Hibernate ORM core version 5.6.9.Final
2022-07-18 22:36:24.236  INFO 7164 --- [    Test worker] o.hibernate.annotations.common.Version   : HCANN000001: Hibernate Commons Annotations {5.1.2.Final}
2022-07-18 22:36:24.316  INFO 7164 --- [    Test worker] com.zaxxer.hikari.HikariDataSource       : HikariPool-1 - Starting...
2022-07-18 22:36:24.379  INFO 7164 --- [    Test worker] com.zaxxer.hikari.HikariDataSource       : HikariPool-1 - Start completed.
2022-07-18 22:36:24.395  INFO 7164 --- [    Test worker] org.hibernate.dialect.Dialect            : HHH000400: Using dialect: org.hibernate.dialect.MariaDB103Dialect
2022-07-18 22:36:24.993  INFO 7164 --- [    Test worker] o.h.e.t.j.p.i.JtaPlatformInitiator       : HHH000490: Using JtaPlatform implementation: [org.hibernate.engine.transaction.jta.platform.internal.NoJtaPlatform]
2022-07-18 22:36:25.005  INFO 7164 --- [    Test worker] j.LocalContainerEntityManagerFactoryBean : Initialized JPA EntityManagerFactory for persistence unit 'default'
2022-07-18 22:36:25.744  WARN 7164 --- [    Test worker] JpaBaseConfiguration$JpaWebConfiguration : spring.jpa.open-in-view is enabled by default. Therefore, database queries may be performed during view rendering. Explicitly configure spring.jpa.open-in-view to disable this warning
2022-07-18 22:36:26.015  INFO 7164 --- [    Test worker] o.s.b.a.w.s.WelcomePageHandlerMapping    : Adding welcome page: class path resource [static/index.html]
2022-07-18 22:36:26.380  INFO 7164 --- [    Test worker] o.z.m.repository.ReviewRepositoryTests   : Started ReviewRepositoryTests in 3.818 seconds (JVM running for 5.211)
Hibernate: 
    insert 
    into
        review
        (moddate, regdate, grade, member_mid, movie_mno, text) 
    values
        (?, ?, ?, ?, ?, ?)
Hibernate: 
    insert 
    into
        review
        (moddate, regdate, grade, member_mid, movie_mno, text) 
    values
        (?, ?, ?, ?, ?, ?)
Hibernate: 
    insert 
    into
        review
        (moddate, regdate, grade, member_mid, movie_mno, text) 
    values
        (?, ?, ?, ?, ?, ?)
Hibernate: 
    insert 
    into
        review
        (moddate, regdate, grade, member_mid, movie_mno, text) 
    values
        (?, ?, ?, ?, ?, ?)
Hibernate: 
    insert 
    into
        review
        (moddate, regdate, grade, member_mid, movie_mno, text) 
    values
        (?, ?, ?, ?, ?, ?)
Hibernate: 
    insert 
    into
        review
        (moddate, regdate, grade, member_mid, movie_mno, text) 
    values
        (?, ?, ?, ?, ?, ?)
Hibernate: 
    insert 
    into
        review
        (moddate, regdate, grade, member_mid, movie_mno, text) 
    values
        (?, ?, ?, ?, ?, ?)
Hibernate: 
    insert 
    into
        review
        (moddate, regdate, grade, member_mid, movie_mno, text) 
    values
        (?, ?, ?, ?, ?, ?)
Hibernate: 
    insert 
    into
        review
        (moddate, regdate, grade, member_mid, movie_mno, text) 
    values
        (?, ?, ?, ?, ?, ?)
Hibernate: 
    insert 
    into
        review
        (moddate, regdate, grade, member_mid, movie_mno, text) 
    values
        (?, ?, ?, ?, ?, ?)
Hibernate: 
    insert 
    into
        review
        (moddate, regdate, grade, member_mid, movie_mno, text) 
    values
        (?, ?, ?, ?, ?, ?)
Hibernate: 
    insert 
    into
        review
        (moddate, regdate, grade, member_mid, movie_mno, text) 
    values
        (?, ?, ?, ?, ?, ?)
Hibernate: 
    insert 
    into
        review
        (moddate, regdate, grade, member_mid, movie_mno, text) 
    values
        (?, ?, ?, ?, ?, ?)
Hibernate: 
    insert 
    into
        review
        (moddate, regdate, grade, member_mid, movie_mno, text) 
    values
        (?, ?, ?, ?, ?, ?)
Hibernate: 
    insert 
    into
        review
        (moddate, regdate, grade, member_mid, movie_mno, text) 
    values
        (?, ?, ?, ?, ?, ?)
Hibernate: 
    insert 
    into
        review
        (moddate, regdate, grade, member_mid, movie_mno, text) 
    values
        (?, ?, ?, ?, ?, ?)
Hibernate: 
    insert 
    into
        review
        (moddate, regdate, grade, member_mid, movie_mno, text) 
    values
        (?, ?, ?, ?, ?, ?)
Hibernate: 
    insert 
    into
        review
        (moddate, regdate, grade, member_mid, movie_mno, text) 
    values
        (?, ?, ?, ?, ?, ?)
Hibernate: 
    insert 
    into
        review
        (moddate, regdate, grade, member_mid, movie_mno, text) 
    values
        (?, ?, ?, ?, ?, ?)
Hibernate: 
    insert 
    into
        review
        (moddate, regdate, grade, member_mid, movie_mno, text) 
    values
        (?, ?, ?, ?, ?, ?)
Hibernate: 
    insert 
    into
        review
        (moddate, regdate, grade, member_mid, movie_mno, text) 
    values
        (?, ?, ?, ?, ?, ?)
Hibernate: 
    insert 
    into
        review
        (moddate, regdate, grade, member_mid, movie_mno, text) 
    values
        (?, ?, ?, ?, ?, ?)
Hibernate: 
    insert 
    into
        review
        (moddate, regdate, grade, member_mid, movie_mno, text) 
    values
        (?, ?, ?, ?, ?, ?)
Hibernate: 
    insert 
    into
        review
        (moddate, regdate, grade, member_mid, movie_mno, text) 
    values
        (?, ?, ?, ?, ?, ?)
Hibernate: 
    insert 
    into
        review
        (moddate, regdate, grade, member_mid, movie_mno, text) 
    values
        (?, ?, ?, ?, ?, ?)
Hibernate: 
    insert 
    into
        review
        (moddate, regdate, grade, member_mid, movie_mno, text) 
    values
        (?, ?, ?, ?, ?, ?)
Hibernate: 
    insert 
    into
        review
        (moddate, regdate, grade, member_mid, movie_mno, text) 
    values
        (?, ?, ?, ?, ?, ?)
Hibernate: 
    insert 
    into
        review
        (moddate, regdate, grade, member_mid, movie_mno, text) 
    values
        (?, ?, ?, ?, ?, ?)
Hibernate: 
    insert 
    into
        review
        (moddate, regdate, grade, member_mid, movie_mno, text) 
    values
        (?, ?, ?, ?, ?, ?)
Hibernate: 
    insert 
    into
        review
        (moddate, regdate, grade, member_mid, movie_mno, text) 
    values
        (?, ?, ?, ?, ?, ?)
Hibernate: 
    insert 
    into
        review
        (moddate, regdate, grade, member_mid, movie_mno, text) 
    values
        (?, ?, ?, ?, ?, ?)
Hibernate: 
    insert 
    into
        review
        (moddate, regdate, grade, member_mid, movie_mno, text) 
    values
        (?, ?, ?, ?, ?, ?)
Hibernate: 
    insert 
    into
        review
        (moddate, regdate, grade, member_mid, movie_mno, text) 
    values
        (?, ?, ?, ?, ?, ?)
Hibernate: 
    insert 
    into
        review
        (moddate, regdate, grade, member_mid, movie_mno, text) 
    values
        (?, ?, ?, ?, ?, ?)
Hibernate: 
    insert 
    into
        review
        (moddate, regdate, grade, member_mid, movie_mno, text) 
    values
        (?, ?, ?, ?, ?, ?)
Hibernate: 
    insert 
    into
        review
        (moddate, regdate, grade, member_mid, movie_mno, text) 
    values
        (?, ?, ?, ?, ?, ?)
Hibernate: 
    insert 
    into
        review
        (moddate, regdate, grade, member_mid, movie_mno, text) 
    values
        (?, ?, ?, ?, ?, ?)
Hibernate: 
    insert 
    into
        review
        (moddate, regdate, grade, member_mid, movie_mno, text) 
    values
        (?, ?, ?, ?, ?, ?)
Hibernate: 
    insert 
    into
        review
        (moddate, regdate, grade, member_mid, movie_mno, text) 
    values
        (?, ?, ?, ?, ?, ?)
Hibernate: 
    insert 
    into
        review
        (moddate, regdate, grade, member_mid, movie_mno, text) 
    values
        (?, ?, ?, ?, ?, ?)
Hibernate: 
    insert 
    into
        review
        (moddate, regdate, grade, member_mid, movie_mno, text) 
    values
        (?, ?, ?, ?, ?, ?)
Hibernate: 
    insert 
    into
        review
        (moddate, regdate, grade, member_mid, movie_mno, text) 
    values
        (?, ?, ?, ?, ?, ?)
Hibernate: 
    insert 
    into
        review
        (moddate, regdate, grade, member_mid, movie_mno, text) 
    values
        (?, ?, ?, ?, ?, ?)
Hibernate: 
    insert 
    into
        review
        (moddate, regdate, grade, member_mid, movie_mno, text) 
    values
        (?, ?, ?, ?, ?, ?)
Hibernate: 
    insert 
    into
        review
        (moddate, regdate, grade, member_mid, movie_mno, text) 
    values
        (?, ?, ?, ?, ?, ?)
Hibernate: 
    insert 
    into
        review
        (moddate, regdate, grade, member_mid, movie_mno, text) 
    values
        (?, ?, ?, ?, ?, ?)
Hibernate: 
    insert 
    into
        review
        (moddate, regdate, grade, member_mid, movie_mno, text) 
    values
        (?, ?, ?, ?, ?, ?)
Hibernate: 
    insert 
    into
        review
        (moddate, regdate, grade, member_mid, movie_mno, text) 
    values
        (?, ?, ?, ?, ?, ?)
Hibernate: 
    insert 
    into
        review
        (moddate, regdate, grade, member_mid, movie_mno, text) 
    values
        (?, ?, ?, ?, ?, ?)
Hibernate: 
    insert 
    into
        review
        (moddate, regdate, grade, member_mid, movie_mno, text) 
    values
        (?, ?, ?, ?, ?, ?)
Hibernate: 
    insert 
    into
        review
        (moddate, regdate, grade, member_mid, movie_mno, text) 
    values
        (?, ?, ?, ?, ?, ?)
Hibernate: 
    insert 
    into
        review
        (moddate, regdate, grade, member_mid, movie_mno, text) 
    values
        (?, ?, ?, ?, ?, ?)
Hibernate: 
    insert 
    into
        review
        (moddate, regdate, grade, member_mid, movie_mno, text) 
    values
        (?, ?, ?, ?, ?, ?)
Hibernate: 
    insert 
    into
        review
        (moddate, regdate, grade, member_mid, movie_mno, text) 
    values
        (?, ?, ?, ?, ?, ?)
Hibernate: 
    insert 
    into
        review
        (moddate, regdate, grade, member_mid, movie_mno, text) 
    values
        (?, ?, ?, ?, ?, ?)
Hibernate: 
    insert 
    into
        review
        (moddate, regdate, grade, member_mid, movie_mno, text) 
    values
        (?, ?, ?, ?, ?, ?)
Hibernate: 
    insert 
    into
        review
        (moddate, regdate, grade, member_mid, movie_mno, text) 
    values
        (?, ?, ?, ?, ?, ?)
Hibernate: 
    insert 
    into
        review
        (moddate, regdate, grade, member_mid, movie_mno, text) 
    values
        (?, ?, ?, ?, ?, ?)
Hibernate: 
    insert 
    into
        review
        (moddate, regdate, grade, member_mid, movie_mno, text) 
    values
        (?, ?, ?, ?, ?, ?)
Hibernate: 
    insert 
    into
        review
        (moddate, regdate, grade, member_mid, movie_mno, text) 
    values
        (?, ?, ?, ?, ?, ?)
Hibernate: 
    insert 
    into
        review
        (moddate, regdate, grade, member_mid, movie_mno, text) 
    values
        (?, ?, ?, ?, ?, ?)
Hibernate: 
    insert 
    into
        review
        (moddate, regdate, grade, member_mid, movie_mno, text) 
    values
        (?, ?, ?, ?, ?, ?)
Hibernate: 
    insert 
    into
        review
        (moddate, regdate, grade, member_mid, movie_mno, text) 
    values
        (?, ?, ?, ?, ?, ?)
Hibernate: 
    insert 
    into
        review
        (moddate, regdate, grade, member_mid, movie_mno, text) 
    values
        (?, ?, ?, ?, ?, ?)
Hibernate: 
    insert 
    into
        review
        (moddate, regdate, grade, member_mid, movie_mno, text) 
    values
        (?, ?, ?, ?, ?, ?)
Hibernate: 
    insert 
    into
        review
        (moddate, regdate, grade, member_mid, movie_mno, text) 
    values
        (?, ?, ?, ?, ?, ?)
Hibernate: 
    insert 
    into
        review
        (moddate, regdate, grade, member_mid, movie_mno, text) 
    values
        (?, ?, ?, ?, ?, ?)
Hibernate: 
    insert 
    into
        review
        (moddate, regdate, grade, member_mid, movie_mno, text) 
    values
        (?, ?, ?, ?, ?, ?)
Hibernate: 
    insert 
    into
        review
        (moddate, regdate, grade, member_mid, movie_mno, text) 
    values
        (?, ?, ?, ?, ?, ?)
Hibernate: 
    insert 
    into
        review
        (moddate, regdate, grade, member_mid, movie_mno, text) 
    values
        (?, ?, ?, ?, ?, ?)
Hibernate: 
    insert 
    into
        review
        (moddate, regdate, grade, member_mid, movie_mno, text) 
    values
        (?, ?, ?, ?, ?, ?)
Hibernate: 
    insert 
    into
        review
        (moddate, regdate, grade, member_mid, movie_mno, text) 
    values
        (?, ?, ?, ?, ?, ?)
Hibernate: 
    insert 
    into
        review
        (moddate, regdate, grade, member_mid, movie_mno, text) 
    values
        (?, ?, ?, ?, ?, ?)
Hibernate: 
    insert 
    into
        review
        (moddate, regdate, grade, member_mid, movie_mno, text) 
    values
        (?, ?, ?, ?, ?, ?)
Hibernate: 
    insert 
    into
        review
        (moddate, regdate, grade, member_mid, movie_mno, text) 
    values
        (?, ?, ?, ?, ?, ?)
Hibernate: 
    insert 
    into
        review
        (moddate, regdate, grade, member_mid, movie_mno, text) 
    values
        (?, ?, ?, ?, ?, ?)
Hibernate: 
    insert 
    into
        review
        (moddate, regdate, grade, member_mid, movie_mno, text) 
    values
        (?, ?, ?, ?, ?, ?)
Hibernate: 
    insert 
    into
        review
        (moddate, regdate, grade, member_mid, movie_mno, text) 
    values
        (?, ?, ?, ?, ?, ?)
Hibernate: 
    insert 
    into
        review
        (moddate, regdate, grade, member_mid, movie_mno, text) 
    values
        (?, ?, ?, ?, ?, ?)
Hibernate: 
    insert 
    into
        review
        (moddate, regdate, grade, member_mid, movie_mno, text) 
    values
        (?, ?, ?, ?, ?, ?)
Hibernate: 
    insert 
    into
        review
        (moddate, regdate, grade, member_mid, movie_mno, text) 
    values
        (?, ?, ?, ?, ?, ?)
Hibernate: 
    insert 
    into
        review
        (moddate, regdate, grade, member_mid, movie_mno, text) 
    values
        (?, ?, ?, ?, ?, ?)
Hibernate: 
    insert 
    into
        review
        (moddate, regdate, grade, member_mid, movie_mno, text) 
    values
        (?, ?, ?, ?, ?, ?)
Hibernate: 
    insert 
    into
        review
        (moddate, regdate, grade, member_mid, movie_mno, text) 
    values
        (?, ?, ?, ?, ?, ?)
Hibernate: 
    insert 
    into
        review
        (moddate, regdate, grade, member_mid, movie_mno, text) 
    values
        (?, ?, ?, ?, ?, ?)
Hibernate: 
    insert 
    into
        review
        (moddate, regdate, grade, member_mid, movie_mno, text) 
    values
        (?, ?, ?, ?, ?, ?)
Hibernate: 
    insert 
    into
        review
        (moddate, regdate, grade, member_mid, movie_mno, text) 
    values
        (?, ?, ?, ?, ?, ?)
Hibernate: 
    insert 
    into
        review
        (moddate, regdate, grade, member_mid, movie_mno, text) 
    values
        (?, ?, ?, ?, ?, ?)
Hibernate: 
    insert 
    into
        review
        (moddate, regdate, grade, member_mid, movie_mno, text) 
    values
        (?, ?, ?, ?, ?, ?)
Hibernate: 
    insert 
    into
        review
        (moddate, regdate, grade, member_mid, movie_mno, text) 
    values
        (?, ?, ?, ?, ?, ?)
Hibernate: 
    insert 
    into
        review
        (moddate, regdate, grade, member_mid, movie_mno, text) 
    values
        (?, ?, ?, ?, ?, ?)
Hibernate: 
    insert 
    into
        review
        (moddate, regdate, grade, member_mid, movie_mno, text) 
    values
        (?, ?, ?, ?, ?, ?)
Hibernate: 
    insert 
    into
        review
        (moddate, regdate, grade, member_mid, movie_mno, text) 
    values
        (?, ?, ?, ?, ?, ?)
Hibernate: 
    insert 
    into
        review
        (moddate, regdate, grade, member_mid, movie_mno, text) 
    values
        (?, ?, ?, ?, ?, ?)
Hibernate: 
    insert 
    into
        review
        (moddate, regdate, grade, member_mid, movie_mno, text) 
    values
        (?, ?, ?, ?, ?, ?)
Hibernate: 
    insert 
    into
        review
        (moddate, regdate, grade, member_mid, movie_mno, text) 
    values
        (?, ?, ?, ?, ?, ?)
Hibernate: 
    insert 
    into
        review
        (moddate, regdate, grade, member_mid, movie_mno, text) 
    values
        (?, ?, ?, ?, ?, ?)
Hibernate: 
    insert 
    into
        review
        (moddate, regdate, grade, member_mid, movie_mno, text) 
    values
        (?, ?, ?, ?, ?, ?)
Hibernate: 
    insert 
    into
        review
        (moddate, regdate, grade, member_mid, movie_mno, text) 
    values
        (?, ?, ?, ?, ?, ?)
Hibernate: 
    insert 
    into
        review
        (moddate, regdate, grade, member_mid, movie_mno, text) 
    values
        (?, ?, ?, ?, ?, ?)
Hibernate: 
    insert 
    into
        review
        (moddate, regdate, grade, member_mid, movie_mno, text) 
    values
        (?, ?, ?, ?, ?, ?)
Hibernate: 
    insert 
    into
        review
        (moddate, regdate, grade, member_mid, movie_mno, text) 
    values
        (?, ?, ?, ?, ?, ?)
Hibernate: 
    insert 
    into
        review
        (moddate, regdate, grade, member_mid, movie_mno, text) 
    values
        (?, ?, ?, ?, ?, ?)
Hibernate: 
    insert 
    into
        review
        (moddate, regdate, grade, member_mid, movie_mno, text) 
    values
        (?, ?, ?, ?, ?, ?)
Hibernate: 
    insert 
    into
        review
        (moddate, regdate, grade, member_mid, movie_mno, text) 
    values
        (?, ?, ?, ?, ?, ?)
Hibernate: 
    insert 
    into
        review
        (moddate, regdate, grade, member_mid, movie_mno, text) 
    values
        (?, ?, ?, ?, ?, ?)
Hibernate: 
    insert 
    into
        review
        (moddate, regdate, grade, member_mid, movie_mno, text) 
    values
        (?, ?, ?, ?, ?, ?)
Hibernate: 
    insert 
    into
        review
        (moddate, regdate, grade, member_mid, movie_mno, text) 
    values
        (?, ?, ?, ?, ?, ?)
Hibernate: 
    insert 
    into
        review
        (moddate, regdate, grade, member_mid, movie_mno, text) 
    values
        (?, ?, ?, ?, ?, ?)
Hibernate: 
    insert 
    into
        review
        (moddate, regdate, grade, member_mid, movie_mno, text) 
    values
        (?, ?, ?, ?, ?, ?)
Hibernate: 
    insert 
    into
        review
        (moddate, regdate, grade, member_mid, movie_mno, text) 
    values
        (?, ?, ?, ?, ?, ?)
Hibernate: 
    insert 
    into
        review
        (moddate, regdate, grade, member_mid, movie_mno, text) 
    values
        (?, ?, ?, ?, ?, ?)
Hibernate: 
    insert 
    into
        review
        (moddate, regdate, grade, member_mid, movie_mno, text) 
    values
        (?, ?, ?, ?, ?, ?)
Hibernate: 
    insert 
    into
        review
        (moddate, regdate, grade, member_mid, movie_mno, text) 
    values
        (?, ?, ?, ?, ?, ?)
Hibernate: 
    insert 
    into
        review
        (moddate, regdate, grade, member_mid, movie_mno, text) 
    values
        (?, ?, ?, ?, ?, ?)
Hibernate: 
    insert 
    into
        review
        (moddate, regdate, grade, member_mid, movie_mno, text) 
    values
        (?, ?, ?, ?, ?, ?)
Hibernate: 
    insert 
    into
        review
        (moddate, regdate, grade, member_mid, movie_mno, text) 
    values
        (?, ?, ?, ?, ?, ?)
Hibernate: 
    insert 
    into
        review
        (moddate, regdate, grade, member_mid, movie_mno, text) 
    values
        (?, ?, ?, ?, ?, ?)
Hibernate: 
    insert 
    into
        review
        (moddate, regdate, grade, member_mid, movie_mno, text) 
    values
        (?, ?, ?, ?, ?, ?)
Hibernate: 
    insert 
    into
        review
        (moddate, regdate, grade, member_mid, movie_mno, text) 
    values
        (?, ?, ?, ?, ?, ?)
Hibernate: 
    insert 
    into
        review
        (moddate, regdate, grade, member_mid, movie_mno, text) 
    values
        (?, ?, ?, ?, ?, ?)
Hibernate: 
    insert 
    into
        review
        (moddate, regdate, grade, member_mid, movie_mno, text) 
    values
        (?, ?, ?, ?, ?, ?)
Hibernate: 
    insert 
    into
        review
        (moddate, regdate, grade, member_mid, movie_mno, text) 
    values
        (?, ?, ?, ?, ?, ?)
Hibernate: 
    insert 
    into
        review
        (moddate, regdate, grade, member_mid, movie_mno, text) 
    values
        (?, ?, ?, ?, ?, ?)
Hibernate: 
    insert 
    into
        review
        (moddate, regdate, grade, member_mid, movie_mno, text) 
    values
        (?, ?, ?, ?, ?, ?)
Hibernate: 
    insert 
    into
        review
        (moddate, regdate, grade, member_mid, movie_mno, text) 
    values
        (?, ?, ?, ?, ?, ?)
Hibernate: 
    insert 
    into
        review
        (moddate, regdate, grade, member_mid, movie_mno, text) 
    values
        (?, ?, ?, ?, ?, ?)
Hibernate: 
    insert 
    into
        review
        (moddate, regdate, grade, member_mid, movie_mno, text) 
    values
        (?, ?, ?, ?, ?, ?)
Hibernate: 
    insert 
    into
        review
        (moddate, regdate, grade, member_mid, movie_mno, text) 
    values
        (?, ?, ?, ?, ?, ?)
Hibernate: 
    insert 
    into
        review
        (moddate, regdate, grade, member_mid, movie_mno, text) 
    values
        (?, ?, ?, ?, ?, ?)
Hibernate: 
    insert 
    into
        review
        (moddate, regdate, grade, member_mid, movie_mno, text) 
    values
        (?, ?, ?, ?, ?, ?)
Hibernate: 
    insert 
    into
        review
        (moddate, regdate, grade, member_mid, movie_mno, text) 
    values
        (?, ?, ?, ?, ?, ?)
Hibernate: 
    insert 
    into
        review
        (moddate, regdate, grade, member_mid, movie_mno, text) 
    values
        (?, ?, ?, ?, ?, ?)
Hibernate: 
    insert 
    into
        review
        (moddate, regdate, grade, member_mid, movie_mno, text) 
    values
        (?, ?, ?, ?, ?, ?)
Hibernate: 
    insert 
    into
        review
        (moddate, regdate, grade, member_mid, movie_mno, text) 
    values
        (?, ?, ?, ?, ?, ?)
Hibernate: 
    insert 
    into
        review
        (moddate, regdate, grade, member_mid, movie_mno, text) 
    values
        (?, ?, ?, ?, ?, ?)
Hibernate: 
    insert 
    into
        review
        (moddate, regdate, grade, member_mid, movie_mno, text) 
    values
        (?, ?, ?, ?, ?, ?)
Hibernate: 
    insert 
    into
        review
        (moddate, regdate, grade, member_mid, movie_mno, text) 
    values
        (?, ?, ?, ?, ?, ?)
Hibernate: 
    insert 
    into
        review
        (moddate, regdate, grade, member_mid, movie_mno, text) 
    values
        (?, ?, ?, ?, ?, ?)
Hibernate: 
    insert 
    into
        review
        (moddate, regdate, grade, member_mid, movie_mno, text) 
    values
        (?, ?, ?, ?, ?, ?)
Hibernate: 
    insert 
    into
        review
        (moddate, regdate, grade, member_mid, movie_mno, text) 
    values
        (?, ?, ?, ?, ?, ?)
Hibernate: 
    insert 
    into
        review
        (moddate, regdate, grade, member_mid, movie_mno, text) 
    values
        (?, ?, ?, ?, ?, ?)
Hibernate: 
    insert 
    into
        review
        (moddate, regdate, grade, member_mid, movie_mno, text) 
    values
        (?, ?, ?, ?, ?, ?)
Hibernate: 
    insert 
    into
        review
        (moddate, regdate, grade, member_mid, movie_mno, text) 
    values
        (?, ?, ?, ?, ?, ?)
Hibernate: 
    insert 
    into
        review
        (moddate, regdate, grade, member_mid, movie_mno, text) 
    values
        (?, ?, ?, ?, ?, ?)
Hibernate: 
    insert 
    into
        review
        (moddate, regdate, grade, member_mid, movie_mno, text) 
    values
        (?, ?, ?, ?, ?, ?)
Hibernate: 
    insert 
    into
        review
        (moddate, regdate, grade, member_mid, movie_mno, text) 
    values
        (?, ?, ?, ?, ?, ?)
Hibernate: 
    insert 
    into
        review
        (moddate, regdate, grade, member_mid, movie_mno, text) 
    values
        (?, ?, ?, ?, ?, ?)
Hibernate: 
    insert 
    into
        review
        (moddate, regdate, grade, member_mid, movie_mno, text) 
    values
        (?, ?, ?, ?, ?, ?)
Hibernate: 
    insert 
    into
        review
        (moddate, regdate, grade, member_mid, movie_mno, text) 
    values
        (?, ?, ?, ?, ?, ?)
Hibernate: 
    insert 
    into
        review
        (moddate, regdate, grade, member_mid, movie_mno, text) 
    values
        (?, ?, ?, ?, ?, ?)
Hibernate: 
    insert 
    into
        review
        (moddate, regdate, grade, member_mid, movie_mno, text) 
    values
        (?, ?, ?, ?, ?, ?)
Hibernate: 
    insert 
    into
        review
        (moddate, regdate, grade, member_mid, movie_mno, text) 
    values
        (?, ?, ?, ?, ?, ?)
Hibernate: 
    insert 
    into
        review
        (moddate, regdate, grade, member_mid, movie_mno, text) 
    values
        (?, ?, ?, ?, ?, ?)
Hibernate: 
    insert 
    into
        review
        (moddate, regdate, grade, member_mid, movie_mno, text) 
    values
        (?, ?, ?, ?, ?, ?)
Hibernate: 
    insert 
    into
        review
        (moddate, regdate, grade, member_mid, movie_mno, text) 
    values
        (?, ?, ?, ?, ?, ?)
Hibernate: 
    insert 
    into
        review
        (moddate, regdate, grade, member_mid, movie_mno, text) 
    values
        (?, ?, ?, ?, ?, ?)
Hibernate: 
    insert 
    into
        review
        (moddate, regdate, grade, member_mid, movie_mno, text) 
    values
        (?, ?, ?, ?, ?, ?)
Hibernate: 
    insert 
    into
        review
        (moddate, regdate, grade, member_mid, movie_mno, text) 
    values
        (?, ?, ?, ?, ?, ?)
Hibernate: 
    insert 
    into
        review
        (moddate, regdate, grade, member_mid, movie_mno, text) 
    values
        (?, ?, ?, ?, ?, ?)
Hibernate: 
    insert 
    into
        review
        (moddate, regdate, grade, member_mid, movie_mno, text) 
    values
        (?, ?, ?, ?, ?, ?)
Hibernate: 
    insert 
    into
        review
        (moddate, regdate, grade, member_mid, movie_mno, text) 
    values
        (?, ?, ?, ?, ?, ?)
Hibernate: 
    insert 
    into
        review
        (moddate, regdate, grade, member_mid, movie_mno, text) 
    values
        (?, ?, ?, ?, ?, ?)
Hibernate: 
    insert 
    into
        review
        (moddate, regdate, grade, member_mid, movie_mno, text) 
    values
        (?, ?, ?, ?, ?, ?)
Hibernate: 
    insert 
    into
        review
        (moddate, regdate, grade, member_mid, movie_mno, text) 
    values
        (?, ?, ?, ?, ?, ?)
Hibernate: 
    insert 
    into
        review
        (moddate, regdate, grade, member_mid, movie_mno, text) 
    values
        (?, ?, ?, ?, ?, ?)
Hibernate: 
    insert 
    into
        review
        (moddate, regdate, grade, member_mid, movie_mno, text) 
    values
        (?, ?, ?, ?, ?, ?)
Hibernate: 
    insert 
    into
        review
        (moddate, regdate, grade, member_mid, movie_mno, text) 
    values
        (?, ?, ?, ?, ?, ?)
Hibernate: 
    insert 
    into
        review
        (moddate, regdate, grade, member_mid, movie_mno, text) 
    values
        (?, ?, ?, ?, ?, ?)
Hibernate: 
    insert 
    into
        review
        (moddate, regdate, grade, member_mid, movie_mno, text) 
    values
        (?, ?, ?, ?, ?, ?)
Hibernate: 
    insert 
    into
        review
        (moddate, regdate, grade, member_mid, movie_mno, text) 
    values
        (?, ?, ?, ?, ?, ?)
Hibernate: 
    insert 
    into
        review
        (moddate, regdate, grade, member_mid, movie_mno, text) 
    values
        (?, ?, ?, ?, ?, ?)
Hibernate: 
    insert 
    into
        review
        (moddate, regdate, grade, member_mid, movie_mno, text) 
    values
        (?, ?, ?, ?, ?, ?)
Hibernate: 
    insert 
    into
        review
        (moddate, regdate, grade, member_mid, movie_mno, text) 
    values
        (?, ?, ?, ?, ?, ?)
Hibernate: 
    insert 
    into
        review
        (moddate, regdate, grade, member_mid, movie_mno, text) 
    values
        (?, ?, ?, ?, ?, ?)
Hibernate: 
    insert 
    into
        review
        (moddate, regdate, grade, member_mid, movie_mno, text) 
    values
        (?, ?, ?, ?, ?, ?)
Hibernate: 
    insert 
    into
        review
        (moddate, regdate, grade, member_mid, movie_mno, text) 
    values
        (?, ?, ?, ?, ?, ?)
Hibernate: 
    insert 
    into
        review
        (moddate, regdate, grade, member_mid, movie_mno, text) 
    values
        (?, ?, ?, ?, ?, ?)
Hibernate: 
    insert 
    into
        review
        (moddate, regdate, grade, member_mid, movie_mno, text) 
    values
        (?, ?, ?, ?, ?, ?)
Hibernate: 
    insert 
    into
        review
        (moddate, regdate, grade, member_mid, movie_mno, text) 
    values
        (?, ?, ?, ?, ?, ?)
Hibernate: 
    insert 
    into
        review
        (moddate, regdate, grade, member_mid, movie_mno, text) 
    values
        (?, ?, ?, ?, ?, ?)
Hibernate: 
    insert 
    into
        review
        (moddate, regdate, grade, member_mid, movie_mno, text) 
    values
        (?, ?, ?, ?, ?, ?)
Hibernate: 
    insert 
    into
        review
        (moddate, regdate, grade, member_mid, movie_mno, text) 
    values
        (?, ?, ?, ?, ?, ?)
Hibernate: 
    insert 
    into
        review
        (moddate, regdate, grade, member_mid, movie_mno, text) 
    values
        (?, ?, ?, ?, ?, ?)
Hibernate: 
    insert 
    into
        review
        (moddate, regdate, grade, member_mid, movie_mno, text) 
    values
        (?, ?, ?, ?, ?, ?)
Hibernate: 
    insert 
    into
        review
        (moddate, regdate, grade, member_mid, movie_mno, text) 
    values
        (?, ?, ?, ?, ?, ?)
Hibernate: 
    insert 
    into
        review
        (moddate, regdate, grade, member_mid, movie_mno, text) 
    values
        (?, ?, ?, ?, ?, ?)
Hibernate: 
    insert 
    into
        review
        (moddate, regdate, grade, member_mid, movie_mno, text) 
    values
        (?, ?, ?, ?, ?, ?)
Hibernate: 
    insert 
    into
        review
        (moddate, regdate, grade, member_mid, movie_mno, text) 
    values
        (?, ?, ?, ?, ?, ?)
Hibernate: 
    insert 
    into
        review
        (moddate, regdate, grade, member_mid, movie_mno, text) 
    values
        (?, ?, ?, ?, ?, ?)
Hibernate: 
    insert 
    into
        review
        (moddate, regdate, grade, member_mid, movie_mno, text) 
    values
        (?, ?, ?, ?, ?, ?)
Hibernate: 
    insert 
    into
        review
        (moddate, regdate, grade, member_mid, movie_mno, text) 
    values
        (?, ?, ?, ?, ?, ?)
Hibernate: 
    insert 
    into
        review
        (moddate, regdate, grade, member_mid, movie_mno, text) 
    values
        (?, ?, ?, ?, ?, ?)
Hibernate: 
    insert 
    into
        review
        (moddate, regdate, grade, member_mid, movie_mno, text) 
    values
        (?, ?, ?, ?, ?, ?)
Hibernate: 
    insert 
    into
        review
        (moddate, regdate, grade, member_mid, movie_mno, text) 
    values
        (?, ?, ?, ?, ?, ?)
Hibernate: 
    insert 
    into
        review
        (moddate, regdate, grade, member_mid, movie_mno, text) 
    values
        (?, ?, ?, ?, ?, ?)
Hibernate: 
    insert 
    into
        review
        (moddate, regdate, grade, member_mid, movie_mno, text) 
    values
        (?, ?, ?, ?, ?, ?)
Hibernate: 
    insert 
    into
        review
        (moddate, regdate, grade, member_mid, movie_mno, text) 
    values
        (?, ?, ?, ?, ?, ?)
Hibernate: 
    insert 
    into
        review
        (moddate, regdate, grade, member_mid, movie_mno, text) 
    values
        (?, ?, ?, ?, ?, ?)
Hibernate: 
    insert 
    into
        review
        (moddate, regdate, grade, member_mid, movie_mno, text) 
    values
        (?, ?, ?, ?, ?, ?)
]]></system-out>
  <system-err><![CDATA[]]></system-err>
</testsuite>
